/* -*- Mode: c -*- */
####################################################################################################
Core 0
####################################################################################################
Cumulative:        Cycles: 616644                Instructions: 525559                IPC: 0.85229

EXECUTION_TIME                            192701250000                   192701250000              

NODE_CYCLE                                      616644                         616644              

NODE_INST_COUNT                                 525559                         525559              

NODE_UOP_COUNT                                  606666                         606666              

FULL_WINDOW_STALL                                96118       15.587%            96118       15.587%

FULL_WINDOW_ROB_MEM_OP                           81081       84.356%            81081       84.356%
FULL_WINDOW_ROB_FP_OP                                0        0.000%                0        0.000%
FULL_WINDOW_ROB_OTHER_OP                          6497        6.759%             6497        6.759%
FULL_WINDOW_LQ_FULL                                  0        0.000%                0        0.000%
FULL_WINDOW_SQ_FULL                                470        0.489%              470        0.489%
FULL_WINDOW_WAITING_ON_RET                        8070        8.396%             8070        8.396%
                                                 96118      100.000%            96118      100.000%
                                                  0.57         1.37              0.57         1.37

RET_BLOCKED_DC_MISS                             176101       28.558%           176101       28.558%

RET_BLOCKED_L1_MISS                             122930       19.935%           122930       19.935%

RET_BLOCKED_L1_MISS_BW_PREF                      18641        3.023%            18641        3.023%

RET_BLOCKED_L1_ACCESS                            53738        8.715%            53738        8.715%

RET_BLOCKED_MEM_STALL                           123496       20.027%           123496       20.027%

RET_BLOCKED_OFFCHIP_DEMAND                           0        0.000%                0        0.000%

OP_ISSUED                                      1325917                        1325917              

OP_RETIRED                                      606666                         606666              

REPLAY_SIGNALED                                      0                              0              

REPLAY_COUNTED                                       0                              0              

OFF_CRITICAL_PATH                                    0         -nan%                0         -nan%
ON_CRITICAL_PATH                                     0         -nan%                0         -nan%
                                                     0         -nan%                0         -nan%
                                                  -nan         -nan              -nan         -nan

LD_NO_DEPENDENTS                                 12441        9.589%            12441        9.589%
LD_DEPENDENTS                                   117301       90.411%           117301       90.411%
                                                129742      100.000%           129742      100.000%
                                                  0.90         0.86              0.90         0.86

LD_EXEC_CYCLES_0                                     0        0.000%                0        0.000%
LD_EXEC_CYCLES_1                                     0        0.000%                0        0.000%
LD_EXEC_CYCLES_2                                     0        0.000%                0        0.000%
LD_EXEC_CYCLES_3                                     2       10.526%                2       10.526%
LD_EXEC_CYCLES_4                                    17       89.474%               17       89.474%
                                                    19      100.000%               19      100.000%
                                                  3.89         3.80              3.89         3.80

RS_FULL                                         125999       20.433%           125999       20.433%

FU_BUSY_0                                        15128                          15128              

FU_BUSY_1                                         2134                           2134              

FU_BUSY_2                                          697                            697              

FU_BUSY_3                                          442                            442              

FU_BUSY_4                                       209654                         209654              

FU_BUSY_5                                       172112                         172112              

FU_BUSY_6                                       113119                         113119              

FU_BUSY_7                                        88453                          88453              

FU_BUSY_8                                        51725                          51725              

FU_BUSY_9                                        45746                          45746              

FU_BUSY_10                                      124370                         124370              

FU_BUSY_11                                       59785                          59785              

FU_BUSY_12                                       31607                          31607              

FU_BUSY_13                                       65020                          65020              

FU_BUSY_14                                       34170                          34170              

FU_BUSY_15                                       19666                          19666              

FU_BUSY_16                                           0                              0              

FU_BUSY_17                                           0                              0              

FU_BUSY_18                                           0                              0              

FU_BUSY_19                                           0                              0              

FU_BUSY_20                                           0                              0              

FU_BUSY_21                                           0                              0              

FU_BUSY_22                                           0                              0              

FU_BUSY_23                                           0                              0              

FU_BUSY_24                                           0                              0              

FU_BUSY_25                                           0                              0              

FU_BUSY_26                                           0                              0              

FU_BUSY_27                                           0                              0              

FU_BUSY_28                                           0                              0              

FU_BUSY_29                                           0                              0              

FU_BUSY_30                                           0                              0              

FU_BUSY_31                                           0                              0              

OP_WAIT_0                                       441446                         441446              

OP_WAIT_1                                       120010                         120010              

OP_WAIT_2                                        15796                          15796              

OP_WAIT_3                                         7084                           7084              

OP_WAIT_4                                         4575                           4575              

OP_WAIT_5                                         3637                           3637              

OP_WAIT_6                                         3010                           3010              

OP_WAIT_7                                         1755                           1755              

OP_WAIT_8                                         1349                           1349              

OP_WAIT_9                                         1106                           1106              

OP_WAIT_10                                         919                            919              

OP_WAIT_11                                         914                            914              

OP_WAIT_12                                         512                            512              

OP_WAIT_13                                         499                            499              

OP_WAIT_14                                         208                            208              

OP_WAIT_15                                         194                            194              

OP_WAIT_16                                         162                            162              

OP_WAIT_17                                         178                            178              

OP_WAIT_18                                         137                            137              

OP_WAIT_19                                          99                             99              

OP_WAIT_20                                          96                             96              

OP_WAIT_21                                          47                             47              

OP_WAIT_22                                         211                            211              

OP_WAIT_23                                          43                             43              

OP_WAIT_24                                          46                             46              

OP_WAIT_25                                          31                             31              

OP_WAIT_26                                          36                             36              

OP_WAIT_27                                          57                             57              

OP_WAIT_28                                          54                             54              

OP_WAIT_29                                          35                             35              

OP_WAIT_30                                          16                             16              

OP_WAIT_31                                        2404                           2404              

ROW_SIZE_0                                      277389                         277389              

ROW_SIZE_1                                       42747                          42747              

ROW_SIZE_2                                       17092                          17092              

ROW_SIZE_3                                        6550                           6550              

ROW_SIZE_4                                        7900                           7900              

ROW_SIZE_5                                        3288                           3288              

ROW_SIZE_6                                        3254                           3254              

ROW_SIZE_7                                        3165                           3165              

ROW_SIZE_8                                        1726                           1726              

ROW_SIZE_9                                        2469                           2469              

ROW_SIZE_10                                       1949                           1949              

ROW_SIZE_11                                       1345                           1345              

ROW_SIZE_12                                      29171                          29171              

ROW_SIZE_13                                          0                              0              

ROW_SIZE_14                                          0                              0              

ROW_SIZE_15                                          0                              0              

ROW_SIZE_16                                          0                              0              

ROW_SIZE_17                                          0                              0              

ROW_SIZE_18                                          0                              0              

ROW_SIZE_19                                          0                              0              

ROW_SIZE_20                                          0                              0              

ROW_SIZE_21                                          0                              0              

ROW_SIZE_22                                          0                              0              

ROW_SIZE_23                                          0                              0              

ROW_SIZE_24                                          0                              0              

ROW_SIZE_25                                          0                              0              

ROW_SIZE_26                                          0                              0              

ROW_SIZE_27                                          0                              0              

ROW_SIZE_28                                          0                              0              

ROW_SIZE_29                                          0                              0              

ROW_SIZE_30                                          0                              0              

ROW_SIZE_31                                          0                              0              

RET_OP_EXEC_COUNT_0                                  0        0.000%                0        0.000%
RET_OP_EXEC_COUNT_1                             606666      100.000%           606666      100.000%
RET_OP_EXEC_COUNT_2                                  0        0.000%                0        0.000%
RET_OP_EXEC_COUNT_3                                  0        0.000%                0        0.000%
RET_OP_EXEC_COUNT_4                                  0        0.000%                0        0.000%
RET_OP_EXEC_COUNT_5                                  0        0.000%                0        0.000%
RET_OP_EXEC_COUNT_6                                  0        0.000%                0        0.000%
RET_OP_EXEC_COUNT_7                                  0        0.000%                0        0.000%
RET_OP_EXEC_COUNT_8                                  0        0.000%                0        0.000%
RET_OP_EXEC_COUNT_9                                  0        0.000%                0        0.000%
RET_OP_EXEC_COUNT_10                                 0        0.000%                0        0.000%
RET_OP_EXEC_COUNT_11                                 0        0.000%                0        0.000%
RET_OP_EXEC_COUNT_12                                 0        0.000%                0        0.000%
RET_OP_EXEC_COUNT_13                                 0        0.000%                0        0.000%
RET_OP_EXEC_COUNT_14                                 0        0.000%                0        0.000%
RET_OP_EXEC_COUNT_15                                 0        0.000%                0        0.000%
RET_OP_EXEC_COUNT_16                                 0        0.000%                0        0.000%
RET_OP_EXEC_COUNT_17                                 0        0.000%                0        0.000%
RET_OP_EXEC_COUNT_18                                 0        0.000%                0        0.000%
RET_OP_EXEC_COUNT_19                                 0        0.000%                0        0.000%
RET_OP_EXEC_COUNT_20                                 0        0.000%                0        0.000%
RET_OP_EXEC_COUNT_21                                 0        0.000%                0        0.000%
RET_OP_EXEC_COUNT_22                                 0        0.000%                0        0.000%
RET_OP_EXEC_COUNT_23                                 0        0.000%                0        0.000%
RET_OP_EXEC_COUNT_24                                 0        0.000%                0        0.000%
RET_OP_EXEC_COUNT_25                                 0        0.000%                0        0.000%
RET_OP_EXEC_COUNT_26                                 0        0.000%                0        0.000%
RET_OP_EXEC_COUNT_27                                 0        0.000%                0        0.000%
RET_OP_EXEC_COUNT_28                                 0        0.000%                0        0.000%
RET_OP_EXEC_COUNT_29                                 0        0.000%                0        0.000%
RET_OP_EXEC_COUNT_30                                 0        0.000%                0        0.000%
RET_OP_EXEC_COUNT_31                                 0        0.000%                0        0.000%
RET_OP_EXEC_COUNT_32                                 0        0.000%                0        0.000%
                                                606666      100.000%           606666      100.000%
                                                  1.00         0.00              1.00         0.00

RET_STALL_LENGTH_0                              605721       99.844%           605721       99.844%
RET_STALL_LENGTH_100                               903        0.149%              903        0.149%
RET_STALL_LENGTH_200                                22        0.004%               22        0.004%
RET_STALL_LENGTH_300                                 4        0.001%                4        0.001%
RET_STALL_LENGTH_400                                 3        0.000%                3        0.000%
RET_STALL_LENGTH_500                                 2        0.000%                2        0.000%
RET_STALL_LENGTH_600                                 0        0.000%                0        0.000%
RET_STALL_LENGTH_700                                 0        0.000%                0        0.000%
RET_STALL_LENGTH_800                                 1        0.000%                1        0.000%
RET_STALL_LENGTH_900                                 0        0.000%                0        0.000%
RET_STALL_LENGTH_1000                                1        0.000%                1        0.000%
RET_STALL_LENGTH_1100                                3        0.000%                3        0.000%
RET_STALL_LENGTH_1200                                5        0.001%                5        0.001%
RET_STALL_LENGTH_1300                                1        0.000%                1        0.000%
RET_STALL_LENGTH_1400                                0        0.000%                0        0.000%
RET_STALL_LENGTH_1500                                0        0.000%                0        0.000%
RET_STALL_LENGTH_1600                                0        0.000%                0        0.000%
RET_STALL_LENGTH_1700                                0        0.000%                0        0.000%
RET_STALL_LENGTH_1800                                0        0.000%                0        0.000%
RET_STALL_LENGTH_1900                                0        0.000%                0        0.000%
RET_STALL_LENGTH_2000                                0        0.000%                0        0.000%
RET_STALL_LENGTH_2100                                0        0.000%                0        0.000%
RET_STALL_LENGTH_2200                                0        0.000%                0        0.000%
RET_STALL_LENGTH_2300                                0        0.000%                0        0.000%
RET_STALL_LENGTH_2400                                0        0.000%                0        0.000%
RET_STALL_LENGTH_2500                                0        0.000%                0        0.000%
RET_STALL_LENGTH_2600                                0        0.000%                0        0.000%
RET_STALL_LENGTH_2700                                0        0.000%                0        0.000%
RET_STALL_LENGTH_2800                                0        0.000%                0        0.000%
RET_STALL_LENGTH_2900                                0        0.000%                0        0.000%
RET_STALL_LENGTH_3000                                0        0.000%                0        0.000%
RET_STALL_LENGTH_3100                                0        0.000%                0        0.000%
RET_STALL_LENGTH_3200                                0        0.000%                0        0.000%
RET_STALL_LENGTH_3300                                0        0.000%                0        0.000%
RET_STALL_LENGTH_3400                                0        0.000%                0        0.000%
RET_STALL_LENGTH_3500                                0        0.000%                0        0.000%
RET_STALL_LENGTH_3600                                0        0.000%                0        0.000%
RET_STALL_LENGTH_3700                                0        0.000%                0        0.000%
RET_STALL_LENGTH_3800                                0        0.000%                0        0.000%
RET_STALL_LENGTH_3900                                0        0.000%                0        0.000%
RET_STALL_LENGTH_4000                                0        0.000%                0        0.000%
RET_STALL_LENGTH_4100                                0        0.000%                0        0.000%
RET_STALL_LENGTH_4200                                0        0.000%                0        0.000%
RET_STALL_LENGTH_4300                                0        0.000%                0        0.000%
RET_STALL_LENGTH_4400                                0        0.000%                0        0.000%
RET_STALL_LENGTH_4500                                0        0.000%                0        0.000%
RET_STALL_LENGTH_4600                                0        0.000%                0        0.000%
RET_STALL_LENGTH_4700                                0        0.000%                0        0.000%
RET_STALL_LENGTH_4800                                0        0.000%                0        0.000%
RET_STALL_LENGTH_4900                                0        0.000%                0        0.000%
RET_STALL_LENGTH_5000                                0        0.000%                0        0.000%
                                                606666      100.000%           606666      100.000%
                                                  0.00         0.06              0.00         0.06

MEM_BLOCK_LENGTH_0                                  40       80.000%               40       80.000%
MEM_BLOCK_LENGTH_100                                10       20.000%               10       20.000%
MEM_BLOCK_LENGTH_200                                 0        0.000%                0        0.000%
MEM_BLOCK_LENGTH_300                                 0        0.000%                0        0.000%
MEM_BLOCK_LENGTH_400                                 0        0.000%                0        0.000%
MEM_BLOCK_LENGTH_500                                 0        0.000%                0        0.000%
MEM_BLOCK_LENGTH_600                                 0        0.000%                0        0.000%
MEM_BLOCK_LENGTH_700                                 0        0.000%                0        0.000%
MEM_BLOCK_LENGTH_800                                 0        0.000%                0        0.000%
MEM_BLOCK_LENGTH_900                                 0        0.000%                0        0.000%
MEM_BLOCK_LENGTH_1000                                0        0.000%                0        0.000%
MEM_BLOCK_LENGTH_1100                                0        0.000%                0        0.000%
MEM_BLOCK_LENGTH_1200                                0        0.000%                0        0.000%
MEM_BLOCK_LENGTH_1300                                0        0.000%                0        0.000%
MEM_BLOCK_LENGTH_1400                                0        0.000%                0        0.000%
MEM_BLOCK_LENGTH_1500                                0        0.000%                0        0.000%
MEM_BLOCK_LENGTH_1600                                0        0.000%                0        0.000%
MEM_BLOCK_LENGTH_1700                                0        0.000%                0        0.000%
MEM_BLOCK_LENGTH_1800                                0        0.000%                0        0.000%
MEM_BLOCK_LENGTH_1900                                0        0.000%                0        0.000%
MEM_BLOCK_LENGTH_2000                                0        0.000%                0        0.000%
MEM_BLOCK_LENGTH_2100                                0        0.000%                0        0.000%
MEM_BLOCK_LENGTH_2200                                0        0.000%                0        0.000%
MEM_BLOCK_LENGTH_2300                                0        0.000%                0        0.000%
MEM_BLOCK_LENGTH_2400                                0        0.000%                0        0.000%
MEM_BLOCK_LENGTH_2500                                0        0.000%                0        0.000%
MEM_BLOCK_LENGTH_2600                                0        0.000%                0        0.000%
MEM_BLOCK_LENGTH_2700                                0        0.000%                0        0.000%
MEM_BLOCK_LENGTH_2800                                0        0.000%                0        0.000%
MEM_BLOCK_LENGTH_2900                                0        0.000%                0        0.000%
MEM_BLOCK_LENGTH_3000                                0        0.000%                0        0.000%
MEM_BLOCK_LENGTH_3100                                0        0.000%                0        0.000%
MEM_BLOCK_LENGTH_3200                                0        0.000%                0        0.000%
MEM_BLOCK_LENGTH_3300                                0        0.000%                0        0.000%
MEM_BLOCK_LENGTH_3400                                0        0.000%                0        0.000%
MEM_BLOCK_LENGTH_3500                                0        0.000%                0        0.000%
MEM_BLOCK_LENGTH_3600                                0        0.000%                0        0.000%
MEM_BLOCK_LENGTH_3700                                0        0.000%                0        0.000%
MEM_BLOCK_LENGTH_3800                                0        0.000%                0        0.000%
MEM_BLOCK_LENGTH_3900                                0        0.000%                0        0.000%
MEM_BLOCK_LENGTH_4000                                0        0.000%                0        0.000%
MEM_BLOCK_LENGTH_4100                                0        0.000%                0        0.000%
MEM_BLOCK_LENGTH_4200                                0        0.000%                0        0.000%
MEM_BLOCK_LENGTH_4300                                0        0.000%                0        0.000%
MEM_BLOCK_LENGTH_4400                                0        0.000%                0        0.000%
MEM_BLOCK_LENGTH_4500                                0        0.000%                0        0.000%
MEM_BLOCK_LENGTH_4600                                0        0.000%                0        0.000%
MEM_BLOCK_LENGTH_4700                                0        0.000%                0        0.000%
MEM_BLOCK_LENGTH_4800                                0        0.000%                0        0.000%
MEM_BLOCK_LENGTH_4900                                0        0.000%                0        0.000%
MEM_BLOCK_LENGTH_5000                                0        0.000%                0        0.000%
                                                    50      100.000%               50      100.000%
                                                  0.20         0.36              0.20         0.36

FUS_BUSY_ON_PATH                                705496        1.1441           705496        1.1441

FUS_BUSY_OFF_PATH                               328332        0.5324           328332        0.5324

FU_BUSY_MEM_STALL                                74196        0.1203            74196        0.1203

FUS_EMPTY                                      8832476       14.3235          8832476       14.3235

CHIP_UTILIZATION                                     0        0.0000                0        0.0000

CYCLES_UNDER_MEM_REQ                                 0                              0              

CYCLES_UNDER_NO_MEM_REQ                              0                              0              

CYCLES_UNDER_CRITICAL_MEM_REQ                        0                              0              

CYCLES_UNDER_NONCRITICAL_MEM_REQ                     0                              0              

CHIP_UTILIZATION_UNDER_MEM_REQ                       0          -nan                0          -nan

CHIP_UTILIZATION_UNDER_NO_MEM_REQ                    0          -nan                0          -nan

CHIP_UTILIZATION_UNDER_CRITICAL_MEM_REQ              0          -nan                0          -nan

CHIP_UTILIZATION_UNDER_NONCRITICAL_MEM_REQ             0          -nan                0          -nan

CYCLES_NOT_WAITING_FOR_OFF_CHIP                      0        0.0000                0        0.0000

FUS_BUSY_NOT_WAITING_FOR_OFF_CHIP                    0          -nan                0          -nan

CYCLES_WAITING_FOR_OFF_CHIP                          0        0.0000                0        0.0000

FUS_BUSY_WAITING_FOR_OFF_CHIP                        0          -nan                0          -nan

TOTAL_OFF_CHIP_DELAYS_LEFT                           0                              0              

WRONG_IO_SCHED                                       0                              0              

DVFS_CONFIG_SWITCH                                   0                              0              

ICQL_CF_ON_PATH                                 105793       17.438%           105793       17.438%

ICQL_CF_OFF_PATH                                146795       24.197%           146795       24.197%

ICQL_DF_ON_PATH                                      0        0.000%                0        0.000%

ICQL_DF_OFF_PATH                                     0        0.000%                0        0.000%

ICQL_RS_FILL_0                                  488872       79.279%           488872       79.279%
ICQL_RS_FILL_1                                   96106       15.585%            96106       15.585%
ICQL_RS_FILL_2                                   27362        4.437%            27362        4.437%
ICQL_RS_FILL_3                                    4229        0.686%             4229        0.686%
ICQL_RS_FILL_4                                      75        0.012%               75        0.012%
ICQL_RS_FILL_5                                       0        0.000%                0        0.000%
ICQL_RS_FILL_6                                       0        0.000%                0        0.000%
ICQL_RS_FILL_7                                       0        0.000%                0        0.000%
ICQL_RS_FILL_8                                       0        0.000%                0        0.000%
ICQL_RS_FILL_9                                       0        0.000%                0        0.000%
ICQL_RS_FILL_10                                      0        0.000%                0        0.000%
ICQL_RS_FILL_11                                      0        0.000%                0        0.000%
ICQL_RS_FILL_12                                      0        0.000%                0        0.000%
ICQL_RS_FILL_13                                      0        0.000%                0        0.000%
ICQL_RS_FILL_14                                      0        0.000%                0        0.000%
ICQL_RS_FILL_15                                      0        0.000%                0        0.000%
ICQL_RS_FILL_16                                      0        0.000%                0        0.000%
                                                616644      100.000%           616644      100.000%
                                                  0.27         0.52              0.27         0.52

OP_ASSIGN_FU_0                                  380296       61.672%           380296       61.672%
OP_ASSIGN_FU_1                                   32195        5.221%            32195        5.221%
OP_ASSIGN_FU_2                                   31473        5.104%            31473        5.104%
OP_ASSIGN_FU_3                                   27832        4.513%            27832        4.513%
OP_ASSIGN_FU_4                                   29828        4.837%            29828        4.837%
OP_ASSIGN_FU_5                                   26339        4.271%            26339        4.271%
OP_ASSIGN_FU_6                                   14599        2.367%            14599        2.367%
OP_ASSIGN_FU_7                                   12527        2.031%            12527        2.031%
OP_ASSIGN_FU_8                                    9283        1.505%             9283        1.505%
OP_ASSIGN_FU_9                                    7438        1.206%             7438        1.206%
OP_ASSIGN_FU_10                                   5688        0.922%             5688        0.922%
OP_ASSIGN_FU_11                                   4886        0.792%             4886        0.792%
OP_ASSIGN_FU_12                                   4412        0.715%             4412        0.715%
OP_ASSIGN_FU_13                                   2820        0.457%             2820        0.457%
OP_ASSIGN_FU_14                                   2367        0.384%             2367        0.384%
OP_ASSIGN_FU_15                                   1729        0.280%             1729        0.280%
OP_ASSIGN_FU_16                                  22932        3.719%            22932        3.719%
                                                616644      100.000%           616644      100.000%
                                                  2.23         3.61              2.23         3.61

ICQL_ASSIGN_FU_0                                518958       84.158%           518958       84.158%
ICQL_ASSIGN_FU_1                                 66225       10.740%            66225       10.740%
ICQL_ASSIGN_FU_2                                 20475        3.320%            20475        3.320%
ICQL_ASSIGN_FU_3                                  6482        1.051%             6482        1.051%
ICQL_ASSIGN_FU_4                                  2128        0.345%             2128        0.345%
ICQL_ASSIGN_FU_5                                  1365        0.221%             1365        0.221%
ICQL_ASSIGN_FU_6                                   463        0.075%              463        0.075%
ICQL_ASSIGN_FU_7                                   243        0.039%              243        0.039%
ICQL_ASSIGN_FU_8                                    74        0.012%               74        0.012%
ICQL_ASSIGN_FU_9                                    43        0.007%               43        0.007%
ICQL_ASSIGN_FU_10                                   31        0.005%               31        0.005%
ICQL_ASSIGN_FU_11                                   31        0.005%               31        0.005%
ICQL_ASSIGN_FU_12                                   33        0.005%               33        0.005%
ICQL_ASSIGN_FU_13                                   28        0.005%               28        0.005%
ICQL_ASSIGN_FU_14                                    3        0.000%                3        0.000%
ICQL_ASSIGN_FU_15                                    7        0.001%                7        0.001%
ICQL_ASSIGN_FU_16                                   55        0.009%               55        0.009%
                                                616644      100.000%           616644      100.000%
                                                  0.24         0.67              0.24         0.67

ICQL_BLK_ASSIGN_FU_0                            609525       98.846%           609525       98.846%
ICQL_BLK_ASSIGN_FU_1                              5944        0.964%             5944        0.964%
ICQL_BLK_ASSIGN_FU_2                               900        0.146%              900        0.146%
ICQL_BLK_ASSIGN_FU_3                               263        0.043%              263        0.043%
ICQL_BLK_ASSIGN_FU_4                                11        0.002%               11        0.002%
ICQL_BLK_ASSIGN_FU_5                                 1        0.000%                1        0.000%
ICQL_BLK_ASSIGN_FU_6                                 0        0.000%                0        0.000%
ICQL_BLK_ASSIGN_FU_7                                 0        0.000%                0        0.000%
ICQL_BLK_ASSIGN_FU_8                                 0        0.000%                0        0.000%
ICQL_BLK_ASSIGN_FU_9                                 0        0.000%                0        0.000%
ICQL_BLK_ASSIGN_FU_10                                0        0.000%                0        0.000%
ICQL_BLK_ASSIGN_FU_11                                0        0.000%                0        0.000%
ICQL_BLK_ASSIGN_FU_12                                0        0.000%                0        0.000%
ICQL_BLK_ASSIGN_FU_13                                0        0.000%                0        0.000%
ICQL_BLK_ASSIGN_FU_14                                0        0.000%                0        0.000%
ICQL_BLK_ASSIGN_FU_15                                0        0.000%                0        0.000%
ICQL_BLK_ASSIGN_FU_16                                0        0.000%                0        0.000%
                                                616644      100.000%           616644      100.000%
                                                  0.01         0.14              0.01         0.14

ICQL_HEADROOM_TOT_SCHED_DELAY                        0                              0              



