/* -*- Mode: c -*- */
####################################################################################################
Core 0
####################################################################################################
Cumulative:        Cycles: 616644                Instructions: 525559                IPC: 0.85229

ST_OP_INV                                            0        0.000%                0        0.000%
ST_OP_NOP                                         7051        1.162%             7051        1.162%
ST_OP_CF                                        105881       17.453%           105881       17.453%
ST_OP_MOV                                        57652        9.503%            57652        9.503%
ST_OP_CMOV                                        1335        0.220%             1335        0.220%
ST_OP_LDA                                        18362        3.027%            18362        3.027%
ST_OP_IMEM                                      179270       29.550%           179270       29.550%
ST_OP_IADD                                       93196       15.362%            93196       15.362%
ST_OP_IMUL                                         407        0.067%              407        0.067%
ST_OP_IDIV                                        1470        0.242%             1470        0.242%
ST_OP_ICMP                                       53200        8.769%            53200        8.769%
ST_OP_LOGIC                                      65629       10.818%            65629       10.818%
ST_OP_SHIFT                                      14350        2.365%            14350        2.365%
ST_OP_FMEM                                        5724        0.944%             5724        0.944%
ST_OP_FCVT                                           0        0.000%                0        0.000%
ST_OP_FADD                                           0        0.000%                0        0.000%
ST_OP_FMUL                                           0        0.000%                0        0.000%
ST_OP_FMA                                            0        0.000%                0        0.000%
ST_OP_FDIV                                           0        0.000%                0        0.000%
ST_OP_FCMP                                           0        0.000%                0        0.000%
ST_OP_FCMOV                                          0        0.000%                0        0.000%
ST_OP_GATHER                                         0        0.000%                0        0.000%
ST_OP_SCATTER                                        0        0.000%                0        0.000%
ST_OP_PIPELINED_FAST                              1698        0.280%             1698        0.280%
ST_OP_PIPELINED_MEDIUM                               0        0.000%                0        0.000%
ST_OP_PIPELINED_SLOW                                 0        0.000%                0        0.000%
ST_OP_NOTPIPELINED_MEDIUM                         1361        0.224%             1361        0.224%
ST_OP_NOTPIPELINED_SLOW                              9        0.001%                9        0.001%
ST_OP_NOTPIPELINED_VERY_SLOW                        71        0.012%               71        0.012%
                                                606666      100.000%           606666      100.000%
                                                  6.28         3.36              6.28         3.36

ST_NOT_CF                                       500785       82.547%           500785       82.547%
ST_CF_BR                                          5119        0.844%             5119        0.844%
ST_CF_CBR                                        89005       14.671%            89005       14.671%
ST_CF_CALL                                        4162        0.686%             4162        0.686%
ST_CF_IBR                                         2810        0.463%             2810        0.463%
ST_CF_ICALL                                        270        0.045%              270        0.045%
ST_CF_ICO                                            0        0.000%                0        0.000%
ST_CF_RET                                         4427        0.730%             4427        0.730%
ST_CF_SYS                                           88        0.015%               88        0.015%
                                                606666      100.000%           606666      100.000%
                                                  0.40         0.91              0.40         0.91

ST_BAR_NONE                                     606578       99.985%           606578       99.985%
ST_BAR_FETCH                                        88        0.015%               88        0.015%
ST_BAR_ISSUE                                         0        0.000%                0        0.000%
ST_BAR_BOTH                                          0        0.000%                0        0.000%
                                                606666      100.000%           606666      100.000%
                                                  0.00         0.01              0.00         0.01

ST_NOT_MEM                                      421672       69.506%           421672       69.506%
ST_MEM_LD                                       129742       21.386%           129742       21.386%
ST_MEM_ST                                        55252        9.107%            55252        9.107%
ST_MEM_PF                                            0        0.000%                0        0.000%
ST_MEM_WH                                            0        0.000%                0        0.000%
ST_MEM_EVICT                                         0        0.000%                0        0.000%
                                                606666      100.000%           606666      100.000%
                                                  0.40         0.56              0.40         0.56

ST_NOT_MEM_OFFPATH                              856618       81.273%           856618       81.273%
ST_MEM_LD_OFFPATH                               157791       14.971%           157791       14.971%
ST_MEM_ST_OFFPATH                                39591        3.756%            39591        3.756%
ST_MEM_PF_OFFPATH                                    0        0.000%                0        0.000%
ST_MEM_WH_OFFPATH                                    0        0.000%                0        0.000%
ST_MEM_EVIC_OFFPATHT                                 0        0.000%                0        0.000%
                                               1054000      100.000%          1054000      100.000%
                                                  0.22         0.46              0.22         0.46

ST_OP_ONPATH                                    606666                         606666              

ST_OP_OFFPATH                                  1054000                        1054000              

ST_FAKE_OP_OFFPATH                              241992       22.959%           241992       22.959%
ST_NOT_FAKE_OP_OFFPATH                          812008       77.041%           812008       77.041%
                                               1054000      100.000%          1054000      100.000%
                                                  0.77         0.71              0.77         0.71

ST_FAKE_REASON_NOT_FAKE                         812008       77.041%           812008       77.041%
ST_FAKE_REASON_REDIRECT_TO_NOT_INSTRUMENTED         17240        1.636%            17240        1.636%
ST_FAKE_REASON_RETURN_TO_NOT_INSTRUMENTED          8120        0.770%             8120        0.770%
ST_FAKE_REASON_NONRET_CF_TO_NOT_INSTRUMENTED        211890       20.103%           211890       20.103%
ST_FAKE_REASON_NOT_TAKEN_TO_NOT_INSTRUMENTED          2686        0.255%             2686        0.255%
ST_FAKE_REASON_WRONG_PATH_STORE_TO_NEW_REGION          2056        0.195%             2056        0.195%
                                               1054000      100.000%          1054000      100.000%
                                                  0.65         1.09              0.65         1.09

ST_INST_ONPATH                                  525559                         525559              

ST_INST_OFFPATH                                 984025                         984025              

STATIC_PIN_NOP                                       0                              0              

DYNAMIC_PIN_REP_GREATER_256                          0                              0              

CONVERTED_FAKE_NOP                                   0                              0              



