/* -*- Mode: c -*- */
####################################################################################################
Core 0
####################################################################################################
Cumulative:        Cycles: 13361060              Instructions: 10000004              IPC: 0.74844

DCACHE_PREF_HIT                                      0                              0              

IFETCH_WB_FIRST_SCHEDULE                             0         -nan%                0         -nan%
PREFETCH_LAST_SCHEDULE                               0         -nan%                0         -nan%
DEMAND_PASS_PREF_SCHEDULE                            0         -nan%                0         -nan%
DEMAND_PASS_LOW_OP_SCHEDULE                          0         -nan%                0         -nan%
DEMAND_LAST_SCHEDULE                                 0         -nan%                0         -nan%
                                                     0         -nan%                0         -nan%
                                                  -nan         -nan              -nan         -nan

SEND_MISS_REQ_QUEUE                             414375                         414375              

L1_DATA_EVICT                                   332342                         332342              

STREAM_BUFFER_REQ                                    0                              0              

PREF_SEND_TO_MEM_REQ                                 0         -nan%                0         -nan%
PREF_SEND_TO_MEM_REQ_FAIL                            0         -nan%                0         -nan%
                                                     0         -nan%                0         -nan%
                                                  -nan         -nan              -nan         -nan

HIT_TRAIN_STREAM                                393824       95.427%           393824       95.427%
MISS_TRAIN_STREAM                                18873        4.573%            18873        4.573%
                                                412697      100.000%           412697      100.000%
                                                  0.05         0.20              0.05         0.20

STREAM_TRAIN_CREATE                              14315                          14315              

MEM_REQ_MISS_HWP_PREF_Q                              0         -nan%                0         -nan%
MEM_REQ_MISS_SW_PREF_Q                               0         -nan%                0         -nan%
MEM_REQ_MISS_IFETCH_Q                                0         -nan%                0         -nan%
MEM_REQ_MISS_DFETCH_Q                                0         -nan%                0         -nan%
MEM_REQ_MISS_DSTORE_Q                                0         -nan%                0         -nan%
MEM_REQ_MISS_DPRF_Q                                  0         -nan%                0         -nan%
MEM_REQ_MISS_WB_Q                                    0         -nan%                0         -nan%
                                                     0         -nan%                0         -nan%
                                                  -nan         -nan              -nan         -nan

PREF_HIT_BY_DEMAND_IFETCH                            0         -nan%                0         -nan%
PREF_HIT_BY_DEMAND_DFETCH                            0         -nan%                0         -nan%
PREF_HIT_BY_DEMAND_DSTORE                            0         -nan%                0         -nan%
PREF_HIT_BY_DEMAND_IPREF                             0         -nan%                0         -nan%
PREF_HIT_BY_DEMAND_DPRF                              0         -nan%                0         -nan%
PREF_HIT_BY_DEMAND_WB                                0         -nan%                0         -nan%
PREF_HIT_BY_PREF                                     0         -nan%                0         -nan%
                                                     0         -nan%                0         -nan%
                                                  -nan         -nan              -nan         -nan

PREF_HIT_DEMAND_IFETCH                               0         -nan%                0         -nan%
PREF_HIT_DEMAND_DFETCH                               0         -nan%                0         -nan%
PREF_HIT_DEMAND_DSTORE                               0         -nan%                0         -nan%
PREF_HIT_DEMAND_IPREF                                0         -nan%                0         -nan%
PREF_HIT_DEMAND_DPRF                                 0         -nan%                0         -nan%
PREF_HIT_DEMAND_WB                                   0         -nan%                0         -nan%
                                                     0         -nan%                0         -nan%
                                                  -nan         -nan              -nan         -nan

PREF_L1_FILL                                         0         -nan%                0         -nan%
DEMAND_L1_FILL                                       0         -nan%                0         -nan%
                                                     0         -nan%                0         -nan%
                                                  -nan         -nan              -nan         -nan

TOUCH_L1_REPLACE                                     0        0.000%                0        0.000%
NO_TOUCH_L1_REPLACE                             332342      100.000%           332342      100.000%
                                                332342      100.000%           332342      100.000%
                                                  1.00         1.00              1.00         1.00

PREF_REQ_QUE_FULL                                    0                              0              

STREAM_REQ_QUEUE_HIT_BY_DEMAND                       0                              0              

L2HIT_STREAM_PREF_REQ_QUE_FULL                       0                              0              

L2HIT_HIT_TRAIN_STREAM                               0         -nan%                0         -nan%
L2HIT_MISS_TRAIN_STREAM                              0         -nan%                0         -nan%
                                                     0         -nan%                0         -nan%
                                                  -nan         -nan              -nan         -nan

L2HIT_STREAM_TRAIN_CREATE                            0                              0              

L2HIT_STREAM_BUFFER_REQ                              0                              0              

L2HIT_STREAM_PREF_DCACHE_HIT                         0         -nan%                0         -nan%
L2HIT_STREAM_PREF_DCACHE_INSERT                      0         -nan%                0         -nan%
L2HIT_STREAM_L2_MISS                                 0         -nan%                0         -nan%
                                                     0         -nan%                0         -nan%
                                                  -nan         -nan              -nan         -nan

L2HIT_STREAM_DCACHE_PORT_FULL                        0                              0              

L2HIT_STREAM_PREF_L1_PORT_FULL                       0                              0              

L2HIT_TRAIN_HIT_DEMAND                               0         -nan%                0         -nan%
L2HIT_TRAIN_MISS_REQ                                 0         -nan%                0         -nan%
                                                     0         -nan%                0         -nan%
                                                  -nan         -nan              -nan         -nan

L2HIT_TRAIN_FILTER_MISS                              0         -nan%                0         -nan%
L2HIT_TRAIN_FILTER_HIT                               0         -nan%                0         -nan%
                                                     0         -nan%                0         -nan%
                                                  -nan         -nan              -nan         -nan

L2HIT_PREF_REQ_DCACHE_HIT                            0         -nan%                0         -nan%
L2HIT_PREF_REQ_DCACHE_MISS                           0         -nan%                0         -nan%
                                                     0         -nan%                0         -nan%
                                                  -nan         -nan              -nan         -nan

L2HIT_L2SEND_Q_FULL                                  0         -nan%                0         -nan%
L2HIT_L2SEND_Q_ENTER                                 0         -nan%                0         -nan%
                                                     0         -nan%                0         -nan%
                                                  -nan         -nan              -nan         -nan

L2HIT_MEM_REQ                                        0                              0              

REMOVE_REDUNDANT_STREAM_STAT                         0                              0              

REPLACE_OLD_STREAM                               14299                          14299              

REQ_SEND_QUEUE_STALL                                 0                              0              

STREAM_ENTER_RA                                      0                              0              

CORE_STREAM_LENGTH_0                                10       18.519%               10       18.519%
CORE_STREAM_LENGTH_10                               16       29.630%               16       29.630%
CORE_STREAM_LENGTH_20                                9       16.667%                9       16.667%
CORE_STREAM_LENGTH_30                                8       14.815%                8       14.815%
CORE_STREAM_LENGTH_40                                3        5.556%                3        5.556%
CORE_STREAM_LENGTH_50                                2        3.704%                2        3.704%
CORE_STREAM_LENGTH_60                                1        1.852%                1        1.852%
CORE_STREAM_LENGTH_70                                1        1.852%                1        1.852%
CORE_STREAM_LENGTH_80                                0        0.000%                0        0.000%
CORE_STREAM_LENGTH_90                                0        0.000%                0        0.000%
CORE_STREAM_LENGTH_100_P                             4        7.407%                4        7.407%
                                                    54      100.000%               54      100.000%
                                                  2.46         2.54              2.46         2.54

CORE_CUM_STREAM_LENGTH_0                            71        0.017%               71        0.017%
CORE_CUM_STREAM_LENGTH_10                          231        0.056%              231        0.056%
CORE_CUM_STREAM_LENGTH_20                          209        0.051%              209        0.051%
CORE_CUM_STREAM_LENGTH_30                          273        0.066%              273        0.066%
CORE_CUM_STREAM_LENGTH_40                          128        0.031%              128        0.031%
CORE_CUM_STREAM_LENGTH_50                          116        0.028%              116        0.028%
CORE_CUM_STREAM_LENGTH_60                           62        0.015%               62        0.015%
CORE_CUM_STREAM_LENGTH_70                           73        0.018%               73        0.018%
CORE_CUM_STREAM_LENGTH_80                            0        0.000%                0        0.000%
CORE_CUM_STREAM_LENGTH_90                            0        0.000%                0        0.000%
CORE_CUM_STREAM_LENGTH_100_P                    411731       99.718%           411731       99.718%
                                                412894      100.000%           412894      100.000%
                                                  9.98         9.97              9.98         9.97

CORE_STREAM_TRAIN_HITS_0                            30       55.556%               30       55.556%
CORE_STREAM_TRAIN_HITS_10                           12       22.222%               12       22.222%
CORE_STREAM_TRAIN_HITS_20                            3        5.556%                3        5.556%
CORE_STREAM_TRAIN_HITS_30                            4        7.407%                4        7.407%
CORE_STREAM_TRAIN_HITS_40                            0        0.000%                0        0.000%
CORE_STREAM_TRAIN_HITS_50                            1        1.852%                1        1.852%
CORE_STREAM_TRAIN_HITS_60                            1        1.852%                1        1.852%
CORE_STREAM_TRAIN_HITS_70                            0        0.000%                0        0.000%
CORE_STREAM_TRAIN_HITS_80                            0        0.000%                0        0.000%
CORE_STREAM_TRAIN_HITS_90                            0        0.000%                0        0.000%
CORE_STREAM_TRAIN_HITS_100_P                         3        5.556%                3        5.556%
                                                    54      100.000%               54      100.000%
                                                  1.31         2.30              1.31         2.30

CORE_CUM_STREAM_TRAIN_HITS_0                       183        0.046%              183        0.046%
CORE_CUM_STREAM_TRAIN_HITS_10                      179        0.045%              179        0.045%
CORE_CUM_STREAM_TRAIN_HITS_20                       70        0.018%               70        0.018%
CORE_CUM_STREAM_TRAIN_HITS_30                      132        0.033%              132        0.033%
CORE_CUM_STREAM_TRAIN_HITS_40                        0        0.000%                0        0.000%
CORE_CUM_STREAM_TRAIN_HITS_50                       57        0.014%               57        0.014%
CORE_CUM_STREAM_TRAIN_HITS_60                       61        0.015%               61        0.015%
CORE_CUM_STREAM_TRAIN_HITS_70                        0        0.000%                0        0.000%
CORE_CUM_STREAM_TRAIN_HITS_80                        0        0.000%                0        0.000%
CORE_CUM_STREAM_TRAIN_HITS_90                        0        0.000%                0        0.000%
CORE_CUM_STREAM_TRAIN_HITS_100_P                393358       99.827%           393358       99.827%
                                                394040      100.000%           394040      100.000%
                                                  9.99         9.98              9.99         9.98

CORE_STREAM_TRAIN_CREATE                         14315                          14315              



